<?xml version="1.0" encoding="UTF-8"?>
<!-- Generated by org.testng.reporters.JUnitReportReporter -->
<testsuite hostname="WINDOWS-N5EVJVA" failures="0" tests="1" name="loginTests.ComparisionTC" time="0.002" errors="0" timestamp="24 Sep 2021 09:51:58 GMT" skipped="0">
  <testcase classname="loginTests.ComparisionTC" name="f" time="0.002"/>
</testsuite> <!-- loginTests.ComparisionTC -->
