<?xml version="1.0" encoding="UTF-8"?>
<!-- Generated by org.testng.reporters.JUnitReportReporter -->
<testsuite hostname="WINDOWS-N5EVJVA" failures="0" tests="2" name="loginTests.AppTest" time="0.041" errors="0" timestamp="27 Sep 2021 10:47:57 GMT" skipped="0">
  <testcase classname="loginTests.AppTest" name="invalidLoginTest" time="0.039"/>
  <testcase classname="loginTests.AppTest" name="validLoginTest" time="0.002"/>
</testsuite> <!-- loginTests.AppTest -->
