<?xml version="1.0" encoding="UTF-8"?>
<!-- Generated by org.testng.reporters.JUnitReportReporter -->
<testsuite skipped="0" hostname="WINDOWS-N5EVJVA" name="loginTests.ComparisionTC" tests="1" failures="0" timestamp="24 Sep 2021 11:15:18 GMT" time="0.000" errors="0">
  <testcase name="f" time="0.000" classname="loginTests.ComparisionTC"/>
</testsuite> <!-- loginTests.ComparisionTC -->
