<?xml version="1.0" encoding="UTF-8"?>
<!-- Generated by org.testng.reporters.JUnitReportReporter -->
<testsuite skipped="0" hostname="WINDOWS-N5EVJVA" name="loginTests.AppTest" tests="2" failures="0" timestamp="24 Sep 2021 11:15:18 GMT" time="0.019" errors="0">
  <testcase name="validLoginTest" time="0.001" classname="loginTests.AppTest"/>
  <testcase name="invalidLoginTest" time="0.018" classname="loginTests.AppTest"/>
</testsuite> <!-- loginTests.AppTest -->
